0 info it worked if it ends with ok
1 verbose cli [ '/usr/local/Cellar/node/0.10.5/bin/node',
1 verbose cli   '/usr/local/bin/npm',
1 verbose cli   'start' ]
2 info using npm@1.2.18
3 info using node@v0.10.5
4 verbose read json /Users/juliankrispel/projects/test/package.json
5 verbose run-script [ 'prestart', 'start', 'poststart' ]
6 info prestart node-chat@
7 info start node-chat@
8 verbose unsafe-perm in lifecycle true
9 silly exec sh "-c" "node server.js"
10 silly sh,-c,node server.js,/Users/juliankrispel/projects/test spawning
11 info node-chat@ Failed to exec start script
12 error node-chat@ start: `node server.js`
12 error `sh "-c" "node server.js"` failed with 8
13 error Failed at the node-chat@ start script.
13 error This is most likely a problem with the node-chat package,
13 error not with npm itself.
13 error Tell the author that this fails on your system:
13 error     node server.js
13 error You can get their info via:
13 error     npm owner ls node-chat
13 error There is likely additional logging output above.
14 error System Darwin 11.4.2
15 error command "/usr/local/Cellar/node/0.10.5/bin/node" "/usr/local/bin/npm" "start"
16 error cwd /Users/juliankrispel/projects/test
17 error node -v v0.10.5
18 error npm -v 1.2.18
19 error code ELIFECYCLE
20 verbose exit [ 1, true ]
